
2017-04-24 10:59:06...installerHook: Could not find custom/install/install_hooks.php
2017-04-24 10:59:11...installerHook: Could not find custom/install/install_hooks.php
2017-04-24 10:59:26...installerHook: Could not find custom/install/install_hooks.php
2017-04-24 10:59:28...installerHook: Could not find custom/install/install_hooks.php
2017-04-24 10:59:30...installerHook: Could not find custom/install/install_hooks.php
2017-04-24 10:59:32...installerHook: Could not find custom/install/install_hooks.php
2017-04-24 10:59:40...installerHook: Could not find custom/install/install_hooks.php
2017-04-24 10:59:44...installerHook: Could not find custom/install/install_hooks.php
2017-04-24 10:59:53...installerHook: Could not find custom/install/install_hooks.php
2017-04-24 10:59:57...Begin System Check Process *************
2017-04-24 10:59:57...XML Parsing Support Found
2017-04-24 10:59:57...MBString Support Found
2017-04-24 10:59:57...ZIP Support Found
2017-04-24 10:59:57.../custom directory and subdirectory check passed
2017-04-24 10:59:57...cache directory and subdirectory check passed
2017-04-24 10:59:59.../module  directory and subdirectory check passed
2017-04-24 10:59:59.../upload directory check passed
2017-04-24 10:59:59.../zip check passed
2017-04-24 10:59:59...PCRE version check passed
2017-04-24 10:59:59...installerHook: Could not find custom/install/install_hooks.php
2017-04-24 10:59:59...php.ini location found. C:\xampp\php\php.ini
2017-04-24 10:59:59...Outputting HTML for System check
2017-04-24 10:59:59...No Errors were found *************
2017-04-24 11:00:02...installerHook: Could not find custom/install/install_hooks.php
2017-04-24 11:00:51...installerHook: Could not find custom/install/install_hooks.php
2017-04-24 11:00:58...installerHook: Could not find custom/install/install_hooks.php
2017-04-24 11:01:09...installerHook: Could not find custom/install/install_hooks.php
2017-04-24 11:01:11...installerHook: Could not find custom/install/install_hooks.php
2017-04-24 11:01:14...installerHook: Could not find custom/install/install_hooks.php
2017-04-24 11:01:31...installerHook: Could not find custom/install/install_hooks.php
2017-04-24 11:01:34...installerHook: Could not find custom/install/install_hooks.php
2017-04-24 11:10:29...installerHook: Could not find custom/install/install_hooks.php
2017-04-24 11:10:59...Begin DB Check Process *************
2017-04-24 11:10:59...testing with mysql:mysqli
2017-04-24 11:10:59...Basic form info is valid, continuing Process.
2017-04-24 11:10:59...Testing user account...
2017-04-24 11:10:59...Connection made using  host: dfm.suite-crm.dev, usr: root
2017-04-24 11:10:59...Testing priviliged account...
2017-04-24 11:10:59...Connection made using  host: dfm.suite-crm.dev, usr: root
2017-04-24 11:10:59...ERROR:: The provided Database Name already exists.  You can<br>1.  hit the back button and choose a new database name <br>2.  click next and continue but all existing tables on this database will be dropped.  <strong>This means your tables and data will be blown away.</strong>
2017-04-24 11:10:59...Passed DB install check
2017-04-24 11:10:59...WARNING:: no errors detected, but DB tables will be dropped!, issuing warning to user
2017-04-24 11:10:59...End DB Check Process *************
2017-04-24 11:11:01...installerHook: Could not find custom/install/install_hooks.php
2017-04-24 11:11:13...installerHook: Could not find custom/install/install_hooks.php
2017-04-24 11:12:27...installerHook: Could not find custom/install/install_hooks.php
2017-04-24 11:12:29...installerHook: Could not find custom/install/install_hooks.php
2017-04-24 11:12:34...installerHook: Could not find custom/install/install_hooks.php
2017-04-24 11:12:34...calling handleSugarConfig()
2017-04-24 11:12:34...calling handleHtaccess()
2017-04-24 11:12:34...calling handleDbCharsetCollation()
2017-04-24 11:12:34...looping through all the Beans and create their tables
2017-04-24 11:12:34...processing table acl_actions
2017-04-24 11:12:34...dropping table acl_actions
2017-04-24 11:12:34...creating table acl_actions
2017-04-24 11:12:34...creating Relationship Meta for ACLAction
2017-04-24 11:12:34...processing table acl_roles
2017-04-24 11:12:34...dropping table acl_roles
2017-04-24 11:12:34...creating table acl_roles
2017-04-24 11:12:34...creating Relationship Meta for ACLRole
2017-04-24 11:12:34...processing table relationships
2017-04-24 11:12:34...dropping table relationships
2017-04-24 11:12:34...creating table relationships
2017-04-24 11:12:34...creating Relationship Meta for Relationship
2017-04-24 11:12:34...processing table leads
2017-04-24 11:12:34...dropping table leads
2017-04-24 11:12:35...creating table leads
2017-04-24 11:12:35...creating Relationship Meta for Lead
2017-04-24 11:12:35...processing table cases
2017-04-24 11:12:35...dropping table cases
2017-04-24 11:12:35...creating table cases
2017-04-24 11:12:35...creating Relationship Meta for Case
2017-04-24 11:12:35...processing table bugs
2017-04-24 11:12:35...dropping table bugs
2017-04-24 11:12:35...creating table bugs
2017-04-24 11:12:35...creating Relationship Meta for Bug
2017-04-24 11:12:35...processing table users
2017-04-24 11:12:35...dropping table users
2017-04-24 11:12:35...creating table users
2017-04-24 11:12:35...creating Relationship Meta for User
2017-04-24 11:12:35...processing table campaign_log
2017-04-24 11:12:35...dropping table campaign_log
2017-04-24 11:12:35...creating table campaign_log
2017-04-24 11:12:35...creating Relationship Meta for CampaignLog
2017-04-24 11:12:35...processing table project
2017-04-24 11:12:35...dropping table project
2017-04-24 11:12:35...creating table project
2017-04-24 11:12:35...creating Relationship Meta for Project
2017-04-24 11:12:35...processing table project_task
2017-04-24 11:12:35...dropping table project_task
2017-04-24 11:12:35...creating table project_task
2017-04-24 11:12:35...creating Relationship Meta for ProjectTask
2017-04-24 11:12:35...processing table campaigns
2017-04-24 11:12:35...dropping table campaigns
2017-04-24 11:12:35...creating table campaigns
2017-04-24 11:12:35...creating Relationship Meta for Campaign
2017-04-24 11:12:36...processing table prospect_lists
2017-04-24 11:12:36...dropping table prospect_lists
2017-04-24 11:12:36...creating table prospect_lists
2017-04-24 11:12:36...creating Relationship Meta for ProspectList
2017-04-24 11:12:36...processing table prospects
2017-04-24 11:12:36...dropping table prospects
2017-04-24 11:12:36...creating table prospects
2017-04-24 11:12:36...creating Relationship Meta for Prospect
2017-04-24 11:12:36...processing table email_marketing
2017-04-24 11:12:36...dropping table email_marketing
2017-04-24 11:12:36...creating table email_marketing
2017-04-24 11:12:36...creating Relationship Meta for EmailMarketing
2017-04-24 11:12:36...processing table campaign_trkrs
2017-04-24 11:12:36...dropping table campaign_trkrs
2017-04-24 11:12:36...creating table campaign_trkrs
2017-04-24 11:12:36...creating Relationship Meta for CampaignTracker
2017-04-24 11:12:36...processing table releases
2017-04-24 11:12:36...dropping table releases
2017-04-24 11:12:36...creating table releases
2017-04-24 11:12:36...creating Relationship Meta for Release
2017-04-24 11:12:36...processing table emailman
2017-04-24 11:12:36...dropping table emailman
2017-04-24 11:12:36...creating table emailman
2017-04-24 11:12:36...creating Relationship Meta for EmailMan
2017-04-24 11:12:36...processing table schedulers
2017-04-24 11:12:36...dropping table schedulers
2017-04-24 11:12:36...creating table schedulers
2017-04-24 11:12:36...creating Relationship Meta for Scheduler
2017-04-24 11:12:36...processing table job_queue
2017-04-24 11:12:36...dropping table job_queue
2017-04-24 11:12:36...creating table job_queue
2017-04-24 11:12:36...creating Relationship Meta for SchedulersJob
2017-04-24 11:12:36...processing table contacts
2017-04-24 11:12:36...dropping table contacts
2017-04-24 11:12:36...creating table contacts
2017-04-24 11:12:36...creating Relationship Meta for Contact
2017-04-24 11:12:36...processing table accounts
2017-04-24 11:12:36...dropping table accounts
2017-04-24 11:12:36...creating table accounts
2017-04-24 11:12:36...creating Relationship Meta for Account
2017-04-24 11:12:36...processing table opportunities
2017-04-24 11:12:36...dropping table opportunities
2017-04-24 11:12:37...creating table opportunities
2017-04-24 11:12:37...creating Relationship Meta for Opportunity
2017-04-24 11:12:37...processing table email_templates
2017-04-24 11:12:37...dropping table email_templates
2017-04-24 11:12:37...creating table email_templates
2017-04-24 11:12:37...creating Relationship Meta for EmailTemplate
2017-04-24 11:12:37...processing table notes
2017-04-24 11:12:37...dropping table notes
2017-04-24 11:12:37...creating table notes
2017-04-24 11:12:37...creating Relationship Meta for Note
2017-04-24 11:12:37...processing table calls
2017-04-24 11:12:37...dropping table calls
2017-04-24 11:12:37...creating table calls
2017-04-24 11:12:37...creating Relationship Meta for Call
2017-04-24 11:12:37...processing table emails
2017-04-24 11:12:37...dropping table emails
2017-04-24 11:12:37...creating table emails
2017-04-24 11:12:37...creating Relationship Meta for Email
2017-04-24 11:12:37...processing table meetings
2017-04-24 11:12:37...dropping table meetings
2017-04-24 11:12:37...creating table meetings
2017-04-24 11:12:37...creating Relationship Meta for Meeting
2017-04-24 11:12:37...processing table tasks
2017-04-24 11:12:37...dropping table tasks
2017-04-24 11:12:37...creating table tasks
2017-04-24 11:12:37...creating Relationship Meta for Task
2017-04-24 11:12:37...processing table users
2017-04-24 11:12:37...processing table users
2017-04-24 11:12:37...processing table currencies
2017-04-24 11:12:37...dropping table currencies
2017-04-24 11:12:37...creating table currencies
2017-04-24 11:12:37...creating Relationship Meta for Currency
2017-04-24 11:12:37...processing table tracker
2017-04-24 11:12:37...dropping table tracker
2017-04-24 11:12:37...creating table tracker
2017-04-24 11:12:37...creating Relationship Meta for Tracker
2017-04-24 11:12:37...processing table import_maps
2017-04-24 11:12:37...dropping table import_maps
2017-04-24 11:12:37...creating table import_maps
2017-04-24 11:12:37...creating Relationship Meta for ImportMap
2017-04-24 11:12:37...processing table users_last_import
2017-04-24 11:12:37...dropping table users_last_import
2017-04-24 11:12:37...creating table users_last_import
2017-04-24 11:12:37...creating Relationship Meta for UsersLastImport
2017-04-24 11:12:37...processing table config
2017-04-24 11:12:37...dropping table config
2017-04-24 11:12:37...creating table config
2017-04-24 11:12:37...creating Relationship Meta for Administration
2017-04-24 11:12:37...processing table upgrade_history
2017-04-24 11:12:37...dropping table upgrade_history
2017-04-24 11:12:37...creating table upgrade_history
2017-04-24 11:12:37...creating Relationship Meta for UpgradeHistory
2017-04-24 11:12:38...processing table vcals
2017-04-24 11:12:38...dropping table vcals
2017-04-24 11:12:38...creating table vcals
2017-04-24 11:12:38...creating Relationship Meta for vCal
2017-04-24 11:12:38...processing table versions
2017-04-24 11:12:38...dropping table versions
2017-04-24 11:12:38...creating table versions
2017-04-24 11:12:38...creating Relationship Meta for Version
2017-04-24 11:12:38...processing table roles
2017-04-24 11:12:38...dropping table roles
2017-04-24 11:12:38...creating table roles
2017-04-24 11:12:38...creating Relationship Meta for Role
2017-04-24 11:12:38...processing table documents
2017-04-24 11:12:38...dropping table documents
2017-04-24 11:12:38...creating table documents
2017-04-24 11:12:38...creating Relationship Meta for Document
2017-04-24 11:12:38...processing table document_revisions
2017-04-24 11:12:38...dropping table document_revisions
2017-04-24 11:12:38...creating table document_revisions
2017-04-24 11:12:38...creating Relationship Meta for DocumentRevision
2017-04-24 11:12:38...processing table fields_meta_data
2017-04-24 11:12:38...dropping table fields_meta_data
2017-04-24 11:12:38...creating table fields_meta_data
2017-04-24 11:12:38...creating Relationship Meta for FieldsMetaData
2017-04-24 11:12:38...processing table inbound_email
2017-04-24 11:12:38...dropping table inbound_email
2017-04-24 11:12:38...creating table inbound_email
2017-04-24 11:12:38...creating Relationship Meta for InboundEmail
2017-04-24 11:12:38...processing table saved_search
2017-04-24 11:12:38...dropping table saved_search
2017-04-24 11:12:38...creating table saved_search
2017-04-24 11:12:38...creating Relationship Meta for SavedSearch
2017-04-24 11:12:38...processing table user_preferences
2017-04-24 11:12:38...dropping table user_preferences
2017-04-24 11:12:38...creating table user_preferences
2017-04-24 11:12:38...creating Relationship Meta for UserPreference
2017-04-24 11:12:38...processing table 
2017-04-24 11:12:38...processing table email_addresses
2017-04-24 11:12:38...dropping table email_addresses
2017-04-24 11:12:38...creating table email_addresses
2017-04-24 11:12:38...creating Relationship Meta for EmailAddress
2017-04-24 11:12:38...processing table emails_text
2017-04-24 11:12:38...dropping table emails_text
2017-04-24 11:12:38...creating table emails_text
2017-04-24 11:12:38...creating Relationship Meta for EmailText
2017-04-24 11:12:38...processing table sugarfeed
2017-04-24 11:12:38...dropping table sugarfeed
2017-04-24 11:12:38...creating table sugarfeed
2017-04-24 11:12:38...creating Relationship Meta for SugarFeed
2017-04-24 11:12:38...processing table eapm
2017-04-24 11:12:38...dropping table eapm
2017-04-24 11:12:38...creating table eapm
2017-04-24 11:12:38...creating Relationship Meta for EAPM
2017-04-24 11:12:38...processing table oauth_consumer
2017-04-24 11:12:38...dropping table oauth_consumer
2017-04-24 11:12:38...creating table oauth_consumer
2017-04-24 11:12:38...creating Relationship Meta for OAuthKey
2017-04-24 11:12:38...processing table oauth_tokens
2017-04-24 11:12:38...dropping table oauth_tokens
2017-04-24 11:12:38...creating table oauth_tokens
2017-04-24 11:12:38...creating Relationship Meta for OAuthToken
2017-04-24 11:12:38...processing table aow_actions
2017-04-24 11:12:38...dropping table aow_actions
2017-04-24 11:12:38...creating table aow_actions
2017-04-24 11:12:38...creating Relationship Meta for AOW_Action
2017-04-24 11:12:38...processing table aow_workflow
2017-04-24 11:12:38...dropping table aow_workflow
2017-04-24 11:12:38...creating table aow_workflow
2017-04-24 11:12:38...creating Relationship Meta for AOW_WorkFlow
2017-04-24 11:12:38...processing table aow_processed
2017-04-24 11:12:38...dropping table aow_processed
2017-04-24 11:12:39...creating table aow_processed
2017-04-24 11:12:39...creating Relationship Meta for AOW_Processed
2017-04-24 11:12:39...processing table aow_conditions
2017-04-24 11:12:39...dropping table aow_conditions
2017-04-24 11:12:39...creating table aow_conditions
2017-04-24 11:12:39...creating Relationship Meta for AOW_Condition
2017-04-24 11:12:39...processing table calls_reschedule
2017-04-24 11:12:39...dropping table calls_reschedule
2017-04-24 11:12:39...creating table calls_reschedule
2017-04-24 11:12:39...creating Relationship Meta for Calls_Reschedule
2017-04-24 11:12:39...processing table jjwg_maps
2017-04-24 11:12:39...dropping table jjwg_maps
2017-04-24 11:12:39...creating table jjwg_maps
2017-04-24 11:12:39...creating Relationship Meta for jjwg_Maps
2017-04-24 11:12:39...processing table jjwg_markers
2017-04-24 11:12:39...dropping table jjwg_markers
2017-04-24 11:12:39...creating table jjwg_markers
2017-04-24 11:12:39...creating Relationship Meta for jjwg_Markers
2017-04-24 11:12:39...processing table jjwg_areas
2017-04-24 11:12:39...dropping table jjwg_areas
2017-04-24 11:12:39...creating table jjwg_areas
2017-04-24 11:12:39...creating Relationship Meta for jjwg_Areas
2017-04-24 11:12:39...processing table jjwg_address_cache
2017-04-24 11:12:39...dropping table jjwg_address_cache
2017-04-24 11:12:39...creating table jjwg_address_cache
2017-04-24 11:12:39...creating Relationship Meta for jjwg_Address_Cache
2017-04-24 11:12:39...processing table aos_contracts
2017-04-24 11:12:39...dropping table aos_contracts
2017-04-24 11:12:39...creating table aos_contracts
2017-04-24 11:12:39...creating Relationship Meta for AOS_Contracts
2017-04-24 11:12:39...processing table aos_invoices
2017-04-24 11:12:39...dropping table aos_invoices
2017-04-24 11:12:40...creating table aos_invoices
2017-04-24 11:12:40...creating Relationship Meta for AOS_Invoices
2017-04-24 11:12:40...processing table aos_pdf_templates
2017-04-24 11:12:40...dropping table aos_pdf_templates
2017-04-24 11:12:40...creating table aos_pdf_templates
2017-04-24 11:12:40...creating Relationship Meta for AOS_PDF_Templates
2017-04-24 11:12:40...processing table aos_product_categories
2017-04-24 11:12:40...dropping table aos_product_categories
2017-04-24 11:12:40...creating table aos_product_categories
2017-04-24 11:12:40...creating Relationship Meta for AOS_Product_Categories
2017-04-24 11:12:40...processing table aos_products
2017-04-24 11:12:40...dropping table aos_products
2017-04-24 11:12:40...creating table aos_products
2017-04-24 11:12:40...creating Relationship Meta for AOS_Products
2017-04-24 11:12:40...processing table aos_products_quotes
2017-04-24 11:12:40...dropping table aos_products_quotes
2017-04-24 11:12:40...creating table aos_products_quotes
2017-04-24 11:12:40...creating Relationship Meta for AOS_Products_Quotes
2017-04-24 11:12:40...processing table aos_line_item_groups
2017-04-24 11:12:40...dropping table aos_line_item_groups
2017-04-24 11:12:40...creating table aos_line_item_groups
2017-04-24 11:12:40...creating Relationship Meta for AOS_Line_Item_Groups
2017-04-24 11:12:40...processing table aos_quotes
2017-04-24 11:12:40...dropping table aos_quotes
2017-04-24 11:12:40...creating table aos_quotes
2017-04-24 11:12:40...creating Relationship Meta for AOS_Quotes
2017-04-24 11:12:40...processing table aor_reports
2017-04-24 11:12:40...dropping table aor_reports
2017-04-24 11:12:40...creating table aor_reports
2017-04-24 11:12:40...creating Relationship Meta for AOR_Report
2017-04-24 11:12:40...processing table aor_fields
2017-04-24 11:12:40...dropping table aor_fields
2017-04-24 11:12:41...creating table aor_fields
2017-04-24 11:12:41...creating Relationship Meta for AOR_Field
2017-04-24 11:12:41...processing table aor_charts
2017-04-24 11:12:41...dropping table aor_charts
2017-04-24 11:12:41...creating table aor_charts
2017-04-24 11:12:41...creating Relationship Meta for AOR_Chart
2017-04-24 11:12:41...processing table aor_conditions
2017-04-24 11:12:41...dropping table aor_conditions
2017-04-24 11:12:41...creating table aor_conditions
2017-04-24 11:12:41...creating Relationship Meta for AOR_Condition
2017-04-24 11:12:41...processing table securitygroups
2017-04-24 11:12:41...dropping table securitygroups
2017-04-24 11:12:41...creating table securitygroups
2017-04-24 11:12:41...creating Relationship Meta for SecurityGroup
2017-04-24 11:12:41...processing table aod_indexevent
2017-04-24 11:12:41...dropping table aod_indexevent
2017-04-24 11:12:41...creating table aod_indexevent
2017-04-24 11:12:41...creating Relationship Meta for AOD_IndexEvent
2017-04-24 11:12:41...processing table aod_index
2017-04-24 11:12:41...dropping table aod_index
2017-04-24 11:12:41...creating table aod_index
2017-04-24 11:12:41...creating Relationship Meta for AOD_Index
2017-04-24 11:12:41...processing table fp_events
2017-04-24 11:12:41...dropping table fp_events
2017-04-24 11:12:41...creating table fp_events
2017-04-24 11:12:41...creating Relationship Meta for FP_events
2017-04-24 11:12:41...processing table fp_event_locations
2017-04-24 11:12:41...dropping table fp_event_locations
2017-04-24 11:12:41...creating table fp_event_locations
2017-04-24 11:12:41...creating Relationship Meta for FP_Event_Locations
2017-04-24 11:12:41...processing table aop_case_events
2017-04-24 11:12:41...dropping table aop_case_events
2017-04-24 11:12:41...creating table aop_case_events
2017-04-24 11:12:41...creating Relationship Meta for AOP_Case_Events
2017-04-24 11:12:41...processing table aop_case_updates
2017-04-24 11:12:41...dropping table aop_case_updates
2017-04-24 11:12:42...creating table aop_case_updates
2017-04-24 11:12:42...creating Relationship Meta for AOP_Case_Updates
2017-04-24 11:12:44...Begin creating Defaults
2017-04-24 11:12:44...insert defaults into config table
2017-04-24 11:12:44...Creating default users
2017-04-24 11:12:44...Creating default scheduler jobs
2017-04-24 11:12:44...Enable SugarFeeds
2017-04-24 11:12:45...Installation has completed *********
2017-04-24 11:12:57...populating the db with seed data
2017-04-24 11:15:10...installerHook: Could not find custom/install/install_hooks.php